c:\users\wxw52\documents\24-780 e-computation\ps09-word count\ps09-word count\x64\debug\vc143.pdb
c:\users\wxw52\documents\24-780 e-computation\ps09-word count\ps09-word count\x64\debug\vc143.idb
c:\users\wxw52\documents\24-780 e-computation\ps09-word count\ps09-word count\x64\debug\yssimplesound_dsound.obj
c:\users\wxw52\documents\24-780 e-computation\ps09-word count\ps09-word count\x64\debug\yssimplesound.obj
c:\users\wxw52\documents\24-780 e-computation\ps09-word count\ps09-word count\x64\debug\yspng.obj
c:\users\wxw52\documents\24-780 e-computation\ps09-word count\ps09-word count\x64\debug\wordcollection.obj
c:\users\wxw52\documents\24-780 e-computation\ps09-word count\ps09-word count\x64\debug\wordcloud_main.obj
c:\users\wxw52\documents\24-780 e-computation\ps09-word count\ps09-word count\x64\debug\stringplus.obj
c:\users\wxw52\documents\24-780 e-computation\ps09-word count\ps09-word count\x64\debug\graphicfont.obj
c:\users\wxw52\documents\24-780 e-computation\ps09-word count\ps09-word count\x64\debug\fssimplewindow.obj
c:\users\wxw52\documents\24-780 e-computation\ps09-word count\ps09-word count\x64\debug\drawingutilng.obj
c:\users\wxw52\documents\24-780 e-computation\ps09-word count\ps09-word count\x64\debug\ps09-word count.ilk
c:\users\wxw52\documents\24-780 e-computation\ps09-word count\x64\debug\ps09-word count.pdb
c:\users\wxw52\documents\24-780 e-computation\ps09-word count\x64\debug\ps09-word count.exe
c:\users\wxw52\documents\24-780 e-computation\ps09-word count\ps09-word count\x64\debug\ps09-word count.tlog\cl.command.1.tlog
c:\users\wxw52\documents\24-780 e-computation\ps09-word count\ps09-word count\x64\debug\ps09-word count.tlog\cl.items.tlog
c:\users\wxw52\documents\24-780 e-computation\ps09-word count\ps09-word count\x64\debug\ps09-word count.tlog\cl.read.1.tlog
c:\users\wxw52\documents\24-780 e-computation\ps09-word count\ps09-word count\x64\debug\ps09-word count.tlog\cl.write.1.tlog
c:\users\wxw52\documents\24-780 e-computation\ps09-word count\ps09-word count\x64\debug\ps09-word count.tlog\link.command.1.tlog
c:\users\wxw52\documents\24-780 e-computation\ps09-word count\ps09-word count\x64\debug\ps09-word count.tlog\link.read.1.tlog
c:\users\wxw52\documents\24-780 e-computation\ps09-word count\ps09-word count\x64\debug\ps09-word count.tlog\link.write.1.tlog
