c:\users\wxw52\documents\24-780 e-computation\ps07-ortho maze\ps07-ortho maze\x64\debug\vc143.pdb
c:\users\wxw52\documents\24-780 e-computation\ps07-ortho maze\ps07-ortho maze\x64\debug\vc143.idb
c:\users\wxw52\documents\24-780 e-computation\ps07-ortho maze\ps07-ortho maze\x64\debug\yssimplesound_dsound.obj
c:\users\wxw52\documents\24-780 e-computation\ps07-ortho maze\ps07-ortho maze\x64\debug\yssimplesound.obj
c:\users\wxw52\documents\24-780 e-computation\ps07-ortho maze\ps07-ortho maze\x64\debug\yspng.obj
c:\users\wxw52\documents\24-780 e-computation\ps07-ortho maze\ps07-ortho maze\x64\debug\stringplus.obj
c:\users\wxw52\documents\24-780 e-computation\ps07-ortho maze\ps07-ortho maze\x64\debug\mazemanager.obj
c:\users\wxw52\documents\24-780 e-computation\ps07-ortho maze\ps07-ortho maze\x64\debug\mazemain.obj
c:\users\wxw52\documents\24-780 e-computation\ps07-ortho maze\ps07-ortho maze\x64\debug\maze.obj
c:\users\wxw52\documents\24-780 e-computation\ps07-ortho maze\ps07-ortho maze\x64\debug\graphicfont.obj
c:\users\wxw52\documents\24-780 e-computation\ps07-ortho maze\ps07-ortho maze\x64\debug\fssimplewindow.obj
c:\users\wxw52\documents\24-780 e-computation\ps07-ortho maze\ps07-ortho maze\x64\debug\entity.obj
c:\users\wxw52\documents\24-780 e-computation\ps07-ortho maze\ps07-ortho maze\x64\debug\drawingutilng.obj
c:\users\wxw52\documents\24-780 e-computation\ps07-ortho maze\ps07-ortho maze\x64\debug\ysglfontdata.obj
c:\users\wxw52\documents\24-780 e-computation\ps07-ortho maze\ps07-ortho maze\x64\debug\ps07-ortho maze.ilk
c:\users\wxw52\documents\24-780 e-computation\ps07-ortho maze\x64\debug\ps07-ortho maze.pdb
c:\users\wxw52\documents\24-780 e-computation\ps07-ortho maze\x64\debug\ps07-ortho maze.exe
c:\users\wxw52\documents\24-780 e-computation\ps07-ortho maze\ps07-ortho maze\x64\debug\ps07-ortho maze.tlog\cl.command.1.tlog
c:\users\wxw52\documents\24-780 e-computation\ps07-ortho maze\ps07-ortho maze\x64\debug\ps07-ortho maze.tlog\cl.items.tlog
c:\users\wxw52\documents\24-780 e-computation\ps07-ortho maze\ps07-ortho maze\x64\debug\ps07-ortho maze.tlog\cl.read.1.tlog
c:\users\wxw52\documents\24-780 e-computation\ps07-ortho maze\ps07-ortho maze\x64\debug\ps07-ortho maze.tlog\cl.write.1.tlog
c:\users\wxw52\documents\24-780 e-computation\ps07-ortho maze\ps07-ortho maze\x64\debug\ps07-ortho maze.tlog\link.command.1.tlog
c:\users\wxw52\documents\24-780 e-computation\ps07-ortho maze\ps07-ortho maze\x64\debug\ps07-ortho maze.tlog\link.read.1.tlog
c:\users\wxw52\documents\24-780 e-computation\ps07-ortho maze\ps07-ortho maze\x64\debug\ps07-ortho maze.tlog\link.write.1.tlog
