c:\users\wxw52\documents\24-780 e-computation\ps05\ps04gears_rw\ps04gears_rw\x64\debug\vc143.pdb
c:\users\wxw52\documents\24-780 e-computation\ps05\ps04gears_rw\ps04gears_rw\x64\debug\vc143.idb
c:\users\wxw52\documents\24-780 e-computation\ps05\ps04gears_rw\ps04gears_rw\x64\debug\yssimplesound_dsound.obj
c:\users\wxw52\documents\24-780 e-computation\ps05\ps04gears_rw\ps04gears_rw\x64\debug\yssimplesound.obj
c:\users\wxw52\documents\24-780 e-computation\ps05\ps04gears_rw\ps04gears_rw\x64\debug\stringplus.obj
c:\users\wxw52\documents\24-780 e-computation\ps05\ps04gears_rw\ps04gears_rw\x64\debug\gearsystem.obj
c:\users\wxw52\documents\24-780 e-computation\ps05\ps04gears_rw\ps04gears_rw\x64\debug\gearviewer.obj
c:\users\wxw52\documents\24-780 e-computation\ps05\ps04gears_rw\ps04gears_rw\x64\debug\gear.obj
c:\users\wxw52\documents\24-780 e-computation\ps05\ps04gears_rw\ps04gears_rw\x64\debug\fssimplewindow.obj
c:\users\wxw52\documents\24-780 e-computation\ps05\ps04gears_rw\ps04gears_rw\x64\debug\drawingutilng.obj
c:\users\wxw52\documents\24-780 e-computation\ps05\ps04gears_rw\ps04gears_rw\x64\debug\ysglfontdata.obj
c:\users\wxw52\documents\24-780 e-computation\ps05\ps04gears_rw\x64\debug\ps04gears_rw.exe
c:\users\wxw52\documents\24-780 e-computation\ps05\ps04gears_rw\ps04gears_rw\x64\debug\ps04gears_rw.ilk
c:\users\wxw52\documents\24-780 e-computation\ps05\ps04gears_rw\x64\debug\ps04gears_rw.pdb
c:\users\wxw52\documents\24-780 e-computation\ps05\ps04gears_rw\ps04gears_rw\x64\debug\ps04gears_rw.tlog\cl.command.1.tlog
c:\users\wxw52\documents\24-780 e-computation\ps05\ps04gears_rw\ps04gears_rw\x64\debug\ps04gears_rw.tlog\cl.items.tlog
c:\users\wxw52\documents\24-780 e-computation\ps05\ps04gears_rw\ps04gears_rw\x64\debug\ps04gears_rw.tlog\cl.read.1.tlog
c:\users\wxw52\documents\24-780 e-computation\ps05\ps04gears_rw\ps04gears_rw\x64\debug\ps04gears_rw.tlog\cl.write.1.tlog
c:\users\wxw52\documents\24-780 e-computation\ps05\ps04gears_rw\ps04gears_rw\x64\debug\ps04gears_rw.tlog\link.command.1.tlog
c:\users\wxw52\documents\24-780 e-computation\ps05\ps04gears_rw\ps04gears_rw\x64\debug\ps04gears_rw.tlog\link.read.1.tlog
c:\users\wxw52\documents\24-780 e-computation\ps05\ps04gears_rw\ps04gears_rw\x64\debug\ps04gears_rw.tlog\link.write.1.tlog
