c:\users\wxw52\documents\24-780 e-computation\ps10-shapes\ps10-shapes\x64\debug\vc143.pdb
c:\users\wxw52\documents\24-780 e-computation\ps10-shapes\ps10-shapes\x64\debug\vc143.idb
c:\users\wxw52\documents\24-780 e-computation\ps10-shapes\ps10-shapes\x64\debug\yssimplesound_dsound.obj
c:\users\wxw52\documents\24-780 e-computation\ps10-shapes\ps10-shapes\x64\debug\yssimplesound.obj
c:\users\wxw52\documents\24-780 e-computation\ps10-shapes\ps10-shapes\x64\debug\yspng.obj
c:\users\wxw52\documents\24-780 e-computation\ps10-shapes\ps10-shapes\x64\debug\stringplus.obj
c:\users\wxw52\documents\24-780 e-computation\ps10-shapes\ps10-shapes\x64\debug\shapemanagermain.obj
c:\users\wxw52\documents\24-780 e-computation\ps10-shapes\ps10-shapes\x64\debug\shapemanager.obj
c:\users\wxw52\documents\24-780 e-computation\ps10-shapes\ps10-shapes\x64\debug\shape2d.obj
c:\users\wxw52\documents\24-780 e-computation\ps10-shapes\ps10-shapes\x64\debug\line2d.obj
c:\users\wxw52\documents\24-780 e-computation\ps10-shapes\ps10-shapes\x64\debug\graphicfont.obj
c:\users\wxw52\documents\24-780 e-computation\ps10-shapes\ps10-shapes\x64\debug\fssimplewindow.obj
c:\users\wxw52\documents\24-780 e-computation\ps10-shapes\ps10-shapes\x64\debug\drawingutilng.obj
c:\users\wxw52\documents\24-780 e-computation\ps10-shapes\ps10-shapes\x64\debug\controlcollection.obj
c:\users\wxw52\documents\24-780 e-computation\ps10-shapes\ps10-shapes\x64\debug\ysglfontdata.obj
c:\users\wxw52\documents\24-780 e-computation\ps10-shapes\ps10-shapes\x64\debug\ps10-shapes.ilk
c:\users\wxw52\documents\24-780 e-computation\ps10-shapes\x64\debug\ps10-shapes.pdb
c:\users\wxw52\documents\24-780 e-computation\ps10-shapes\x64\debug\ps10-shapes.exe
c:\users\wxw52\documents\24-780 e-computation\ps10-shapes\ps10-shapes\x64\debug\ps10-shapes.tlog\cl.command.1.tlog
c:\users\wxw52\documents\24-780 e-computation\ps10-shapes\ps10-shapes\x64\debug\ps10-shapes.tlog\cl.items.tlog
c:\users\wxw52\documents\24-780 e-computation\ps10-shapes\ps10-shapes\x64\debug\ps10-shapes.tlog\cl.read.1.tlog
c:\users\wxw52\documents\24-780 e-computation\ps10-shapes\ps10-shapes\x64\debug\ps10-shapes.tlog\cl.write.1.tlog
c:\users\wxw52\documents\24-780 e-computation\ps10-shapes\ps10-shapes\x64\debug\ps10-shapes.tlog\link.command.1.tlog
c:\users\wxw52\documents\24-780 e-computation\ps10-shapes\ps10-shapes\x64\debug\ps10-shapes.tlog\link.read.1.tlog
c:\users\wxw52\documents\24-780 e-computation\ps10-shapes\ps10-shapes\x64\debug\ps10-shapes.tlog\link.write.1.tlog
