  Entity.cpp
C:\Users\wxw52\Documents\24-780 E-Computation\PS08-Ortho Maze Again\PS08-Ortho Maze Again\Entity.cpp(84,25): warning C4244: '=': conversion from 'double' to 'int', possible loss of data
C:\Users\wxw52\Documents\24-780 E-Computation\PS08-Ortho Maze Again\PS08-Ortho Maze Again\Entity.cpp(85,25): warning C4244: '=': conversion from 'double' to 'int', possible loss of data
C:\Users\wxw52\Documents\24-780 E-Computation\PS08-Ortho Maze Again\PS08-Ortho Maze Again\Entity.cpp(100,25): warning C4244: '=': conversion from 'double' to 'int', possible loss of data
C:\Users\wxw52\Documents\24-780 E-Computation\PS08-Ortho Maze Again\PS08-Ortho Maze Again\Entity.cpp(101,25): warning C4244: '=': conversion from 'double' to 'int', possible loss of data
C:\Users\wxw52\Documents\24-780 E-Computation\PS08-Ortho Maze Again\PS08-Ortho Maze Again\Entity.cpp(108,14): warning C4244: 'initializing': conversion from 'double' to 'int', possible loss of data
C:\Users\wxw52\Documents\24-780 E-Computation\PS08-Ortho Maze Again\PS08-Ortho Maze Again\Entity.cpp(109,14): warning C4244: 'initializing': conversion from 'double' to 'int', possible loss of data
C:\Users\wxw52\Documents\24-780 E-Computation\PS08-Ortho Maze Again\PS08-Ortho Maze Again\Entity.cpp(141,58): warning C4244: '=': conversion from 'double' to 'int', possible loss of data
C:\Users\wxw52\Documents\24-780 E-Computation\PS08-Ortho Maze Again\PS08-Ortho Maze Again\Entity.cpp(142,58): warning C4244: '=': conversion from 'double' to 'int', possible loss of data
C:\Users\wxw52\Documents\24-780 E-Computation\PS08-Ortho Maze Again\PS08-Ortho Maze Again\Entity.cpp(143,25): warning C4244: 'argument': conversion from 'int' to 'GLfloat', possible loss of data
C:\Users\wxw52\Documents\24-780 E-Computation\PS08-Ortho Maze Again\PS08-Ortho Maze Again\Entity.cpp(143,16): warning C4244: 'argument': conversion from 'int' to 'GLfloat', possible loss of data
C:\Users\wxw52\Documents\24-780 E-Computation\PS08-Ortho Maze Again\PS08-Ortho Maze Again\Entity.cpp(147,26): warning C4244: 'argument': conversion from 'int' to 'GLfloat', possible loss of data
C:\Users\wxw52\Documents\24-780 E-Computation\PS08-Ortho Maze Again\PS08-Ortho Maze Again\Entity.cpp(147,16): warning C4244: 'argument': conversion from 'int' to 'GLfloat', possible loss of data
C:\Users\wxw52\Documents\24-780 E-Computation\PS08-Ortho Maze Again\PS08-Ortho Maze Again\Entity.cpp(192,15): warning C4244: 'initializing': conversion from 'int' to 'float', possible loss of data
C:\Users\wxw52\Documents\24-780 E-Computation\PS08-Ortho Maze Again\PS08-Ortho Maze Again\Entity.cpp(193,14): warning C4244: 'initializing': conversion from 'double' to 'int', possible loss of data
C:\Users\wxw52\Documents\24-780 E-Computation\PS08-Ortho Maze Again\PS08-Ortho Maze Again\Entity.cpp(194,14): warning C4244: 'initializing': conversion from 'double' to 'int', possible loss of data
C:\Users\wxw52\Documents\24-780 E-Computation\PS08-Ortho Maze Again\PS08-Ortho Maze Again\Entity.cpp(357,24): warning C4244: 'initializing': conversion from 'double' to 'int', possible loss of data
  Maze.cpp
C:\Users\wxw52\Documents\24-780 E-Computation\PS08-Ortho Maze Again\PS08-Ortho Maze Again\Maze.cpp(26,12): warning C4244: 'argument': conversion from 'time_t' to 'unsigned int', possible loss of data
C:\Users\wxw52\Documents\24-780 E-Computation\PS08-Ortho Maze Again\PS08-Ortho Maze Again\Maze.cpp(104,44): warning C4267: '=': conversion from 'size_t' to 'int', possible loss of data
  MazeManager.cpp
C:\Users\wxw52\Documents\24-780 E-Computation\PS08-Ortho Maze Again\PS08-Ortho Maze Again\MazeManager.h(43,22): warning C4305: 'initializing': truncation from 'double' to 'float'
C:\Users\wxw52\Documents\24-780 E-Computation\PS08-Ortho Maze Again\PS08-Ortho Maze Again\MazeManager.cpp(234,13): warning C4244: 'initializing': conversion from 'double' to 'int', possible loss of data
C:\Users\wxw52\Documents\24-780 E-Computation\PS08-Ortho Maze Again\PS08-Ortho Maze Again\MazeManager.cpp(235,13): warning C4244: 'initializing': conversion from 'double' to 'int', possible loss of data
C:\Users\wxw52\Documents\24-780 E-Computation\PS08-Ortho Maze Again\PS08-Ortho Maze Again\MazeManager.cpp(407,22): warning C4244: '-=': conversion from 'double' to 'int', possible loss of data
C:\Users\wxw52\Documents\24-780 E-Computation\PS08-Ortho Maze Again\PS08-Ortho Maze Again\MazeManager.cpp(413,19): warning C4244: '-=': conversion from 'double' to 'float', possible loss of data
C:\Users\wxw52\Documents\24-780 E-Computation\PS08-Ortho Maze Again\PS08-Ortho Maze Again\MazeManager.cpp(415,19): warning C4244: '-=': conversion from 'double' to 'float', possible loss of data
  mazeMain.cpp
C:\Users\wxw52\Documents\24-780 E-Computation\PS08-Ortho Maze Again\PS08-Ortho Maze Again\MazeManager.h(43,22): warning C4305: 'initializing': truncation from 'double' to 'float'
  Generating Code...
  PS08-Ortho Maze Again.vcxproj -> C:\Users\wxw52\Documents\24-780 E-Computation\PS08-Ortho Maze Again\x64\Debug\PS08-Ortho Maze Again.exe
